app/build/intermediates/manifest_merge_blame_file/debug/manifest-merger-blame-debug-report.txt
1<?xml version="1.0" encoding="utf-8"?>
2<manifest xmlns:android="http://schemas.android.com/apk/res/android"
3    package="com.example.aplikasimaps"
4    android:versionCode="1"
5    android:versionName="2.0" >
6
7    <uses-sdk
8        android:minSdkVersion="14"
8-->src\main\AndroidManifest.xml
9        android:targetSdkVersion="29" />
9-->src\main\AndroidManifest.xml
10
11    <uses-permission android:name="android.permission.ACCESS_FINE_LOCATION" />
11-->src\main\AndroidManifest.xml:3:5-79
11-->src\main\AndroidManifest.xml:3:22-76
12    <uses-permission android:name="android.permission.ACCESS_COARSE_LOCATION" />
12-->src\main\AndroidManifest.xml:4:5-80
12-->src\main\AndroidManifest.xml:4:22-78
13
14    <!-- Include required permissions for Google Maps API to run. -->
15    <uses-permission android:name="android.permission.ACCESS_NETWORK_STATE" />
15-->[com.google.android.gms:play-services-maps:17.0.0] AndroidManifest.xml:23:5-79
15-->[com.google.android.gms:play-services-maps:17.0.0] AndroidManifest.xml:23:22-76
16    <uses-permission android:name="android.permission.INTERNET" />
16-->[com.google.android.gms:play-services-maps:17.0.0] AndroidManifest.xml:24:5-67
16-->[com.google.android.gms:play-services-maps:17.0.0] AndroidManifest.xml:24:22-64
17
18    <uses-feature
18-->[com.google.android.gms:play-services-maps:17.0.0] AndroidManifest.xml:26:5-28:35
19        android:glEsVersion="0x00020000"
19-->[com.google.android.gms:play-services-maps:17.0.0] AndroidManifest.xml:27:9-41
20        android:required="true" />
20-->[com.google.android.gms:play-services-maps:17.0.0] AndroidManifest.xml:28:9-32
21
22    <application
22-->src\main\AndroidManifest.xml:6:5-26:19
23        android:allowBackup="true"
23-->src\main\AndroidManifest.xml:7:9-35
24        android:appComponentFactory="androidx.core.app.CoreComponentFactory"
24-->[androidx.core:core:1.3.1] AndroidManifest.xml:24:18-86
25        android:debuggable="true"
26        android:icon="@mipmap/ic_launcher"
26-->src\main\AndroidManifest.xml:8:9-43
27        android:label="@string/app_name"
27-->src\main\AndroidManifest.xml:9:9-41
28        android:roundIcon="@mipmap/ic_launcher_round"
28-->src\main\AndroidManifest.xml:10:9-54
29        android:supportsRtl="true"
29-->src\main\AndroidManifest.xml:11:9-35
30        android:testOnly="true"
31        android:theme="@style/AppTheme" >
31-->src\main\AndroidManifest.xml:12:9-40
32        <meta-data
32-->src\main\AndroidManifest.xml:14:9-16:71
33            android:name="com.google.android.geo.API_KEY"
33-->src\main\AndroidManifest.xml:15:13-58
34            android:value="AIzaSyDsbB2SgBA7KwjLbpEY4b52w-HTTetRE64" />
34-->src\main\AndroidManifest.xml:16:13-68
35
36        <activity
36-->src\main\AndroidManifest.xml:18:9-25:20
37            android:name="com.example.aplikasimaps.MapsActivity"
37-->src\main\AndroidManifest.xml:19:13-41
38            android:label="Aplikasi Maps" >
38-->src\main\AndroidManifest.xml:20:13-42
39            <intent-filter>
39-->src\main\AndroidManifest.xml:21:13-24:29
40                <action android:name="android.intent.action.MAIN" />
40-->src\main\AndroidManifest.xml:22:17-69
40-->src\main\AndroidManifest.xml:22:25-66
41
42                <category android:name="android.intent.category.LAUNCHER" />
42-->src\main\AndroidManifest.xml:23:17-77
42-->src\main\AndroidManifest.xml:23:27-74
43            </intent-filter>
44        </activity>
45        <!-- Needs to be explicitly declared on P+ -->
46        <uses-library
46-->[com.google.android.gms:play-services-maps:17.0.0] AndroidManifest.xml:33:9-35:40
47            android:name="org.apache.http.legacy"
47-->[com.google.android.gms:play-services-maps:17.0.0] AndroidManifest.xml:34:13-50
48            android:required="false" />
48-->[com.google.android.gms:play-services-maps:17.0.0] AndroidManifest.xml:35:13-37
49
50        <activity
50-->[com.google.android.gms:play-services-base:17.3.0] AndroidManifest.xml:23:9-26:75
51            android:name="com.google.android.gms.common.api.GoogleApiActivity"
51-->[com.google.android.gms:play-services-base:17.3.0] AndroidManifest.xml:24:13-79
52            android:exported="false"
52-->[com.google.android.gms:play-services-base:17.3.0] AndroidManifest.xml:25:13-37
53            android:theme="@android:style/Theme.Translucent.NoTitleBar" />
53-->[com.google.android.gms:play-services-base:17.3.0] AndroidManifest.xml:26:13-72
54
55        <meta-data
55-->[com.google.android.gms:play-services-basement:17.3.0] AndroidManifest.xml:23:9-25:69
56            android:name="com.google.android.gms.version"
56-->[com.google.android.gms:play-services-basement:17.3.0] AndroidManifest.xml:24:13-58
57            android:value="@integer/google_play_services_version" />
57-->[com.google.android.gms:play-services-basement:17.3.0] AndroidManifest.xml:25:13-66
58    </application>
59
60</manifest>